[debug] [2024-07-19T15:45:26.081Z] ----------------------------------------------------------------------
[debug] [2024-07-19T15:45:26.083Z] Command:       /home/kaleshe/.asdf/installs/nodejs/20.11.0/bin/node /home/kaleshe/.asdf/installs/nodejs/20.11.0/bin/firebase deploy --only functions
[debug] [2024-07-19T15:45:26.084Z] CLI Version:   13.13.3
[debug] [2024-07-19T15:45:26.085Z] Platform:      linux
[debug] [2024-07-19T15:45:26.085Z] Node Version:  v20.11.0
[debug] [2024-07-19T15:45:26.085Z] Time:          Fri Jul 19 2024 16:45:26 GMT+0100 (British Summer Time)
[debug] [2024-07-19T15:45:26.085Z] ----------------------------------------------------------------------
[debug] 
[debug] [2024-07-19T15:45:26.168Z] > command requires scopes: ["email","openid","https://www.googleapis.com/auth/cloudplatformprojects.readonly","https://www.googleapis.com/auth/firebase","https://www.googleapis.com/auth/cloud-platform"]
[debug] [2024-07-19T15:45:26.168Z] > authorizing via signed-in user (service@contentisqueen.org)
[debug] [2024-07-19T15:45:26.168Z] [iam] checking project creator-platform---production for permissions ["cloudfunctions.functions.create","cloudfunctions.functions.delete","cloudfunctions.functions.get","cloudfunctions.functions.list","cloudfunctions.functions.update","cloudfunctions.operations.get","firebase.projects.get"]
[debug] [2024-07-19T15:45:26.171Z] >>> [apiv2][query] POST https://cloudresourcemanager.googleapis.com/v1/projects/creator-platform---production:testIamPermissions [none]
[debug] [2024-07-19T15:45:26.171Z] >>> [apiv2][(partial)header] POST https://cloudresourcemanager.googleapis.com/v1/projects/creator-platform---production:testIamPermissions x-goog-quota-user=projects/creator-platform---production
[debug] [2024-07-19T15:45:26.171Z] >>> [apiv2][body] POST https://cloudresourcemanager.googleapis.com/v1/projects/creator-platform---production:testIamPermissions {"permissions":["cloudfunctions.functions.create","cloudfunctions.functions.delete","cloudfunctions.functions.get","cloudfunctions.functions.list","cloudfunctions.functions.update","cloudfunctions.operations.get","firebase.projects.get"]}
[debug] [2024-07-19T15:45:27.026Z] <<< [apiv2][status] POST https://cloudresourcemanager.googleapis.com/v1/projects/creator-platform---production:testIamPermissions 200
[debug] [2024-07-19T15:45:27.027Z] <<< [apiv2][body] POST https://cloudresourcemanager.googleapis.com/v1/projects/creator-platform---production:testIamPermissions {"permissions":["cloudfunctions.functions.create","cloudfunctions.functions.delete","cloudfunctions.functions.get","cloudfunctions.functions.list","cloudfunctions.functions.update","cloudfunctions.operations.get","firebase.projects.get"]}
[debug] [2024-07-19T15:45:27.027Z] >>> [apiv2][query] POST https://iam.googleapis.com/v1/projects/creator-platform---production/serviceAccounts/creator-platform---production@appspot.gserviceaccount.com:testIamPermissions [none]
[debug] [2024-07-19T15:45:27.027Z] >>> [apiv2][body] POST https://iam.googleapis.com/v1/projects/creator-platform---production/serviceAccounts/creator-platform---production@appspot.gserviceaccount.com:testIamPermissions {"permissions":["iam.serviceAccounts.actAs"]}
[debug] [2024-07-19T15:45:27.807Z] <<< [apiv2][status] POST https://iam.googleapis.com/v1/projects/creator-platform---production/serviceAccounts/creator-platform---production@appspot.gserviceaccount.com:testIamPermissions 200
[debug] [2024-07-19T15:45:27.808Z] <<< [apiv2][body] POST https://iam.googleapis.com/v1/projects/creator-platform---production/serviceAccounts/creator-platform---production@appspot.gserviceaccount.com:testIamPermissions {"permissions":["iam.serviceAccounts.actAs"]}
[info] 
[info] === Deploying to 'creator-platform---production'...
[info] 
[info] i  deploying functions 
[debug] [2024-07-19T15:45:27.810Z] >>> [apiv2][query] GET https://firebase.googleapis.com/v1beta1/projects/creator-platform---production [none]
[debug] [2024-07-19T15:45:28.140Z] <<< [apiv2][status] GET https://firebase.googleapis.com/v1beta1/projects/creator-platform---production 200
[debug] [2024-07-19T15:45:28.140Z] <<< [apiv2][body] GET https://firebase.googleapis.com/v1beta1/projects/creator-platform---production {"projectId":"creator-platform---production","projectNumber":"507257761844","displayName":"Creator Platform - Production","name":"projects/creator-platform---production","resources":{"hostingSite":"creator-platform---production","storageBucket":"creator-platform---production.appspot.com","locationId":"us-central"},"state":"ACTIVE","etag":"1_74535b58-4d6a-40dc-9873-ade6f0712b83"}
[info] i  functions: preparing codebase default for deployment 
[info] i  functions: ensuring required API cloudfunctions.googleapis.com is enabled... 
[info] i  functions: ensuring required API cloudbuild.googleapis.com is enabled... 
[info] i  artifactregistry: ensuring required API artifactregistry.googleapis.com is enabled... 
[debug] [2024-07-19T15:45:28.142Z] >>> [apiv2][query] GET https://serviceusage.googleapis.com/v1/projects/creator-platform---production/services/cloudfunctions.googleapis.com [none]
[debug] [2024-07-19T15:45:28.142Z] >>> [apiv2][(partial)header] GET https://serviceusage.googleapis.com/v1/projects/creator-platform---production/services/cloudfunctions.googleapis.com x-goog-quota-user=projects/creator-platform---production
[debug] [2024-07-19T15:45:28.143Z] >>> [apiv2][query] GET https://serviceusage.googleapis.com/v1/projects/creator-platform---production/services/runtimeconfig.googleapis.com [none]
[debug] [2024-07-19T15:45:28.144Z] >>> [apiv2][(partial)header] GET https://serviceusage.googleapis.com/v1/projects/creator-platform---production/services/runtimeconfig.googleapis.com x-goog-quota-user=projects/creator-platform---production
[debug] [2024-07-19T15:45:28.145Z] >>> [apiv2][query] GET https://serviceusage.googleapis.com/v1/projects/creator-platform---production/services/cloudbuild.googleapis.com [none]
[debug] [2024-07-19T15:45:28.145Z] >>> [apiv2][(partial)header] GET https://serviceusage.googleapis.com/v1/projects/creator-platform---production/services/cloudbuild.googleapis.com x-goog-quota-user=projects/creator-platform---production
[debug] [2024-07-19T15:45:28.147Z] >>> [apiv2][query] GET https://serviceusage.googleapis.com/v1/projects/creator-platform---production/services/artifactregistry.googleapis.com [none]
[debug] [2024-07-19T15:45:28.147Z] >>> [apiv2][(partial)header] GET https://serviceusage.googleapis.com/v1/projects/creator-platform---production/services/artifactregistry.googleapis.com x-goog-quota-user=projects/creator-platform---production
[debug] [2024-07-19T15:45:29.300Z] <<< [apiv2][status] GET https://serviceusage.googleapis.com/v1/projects/creator-platform---production/services/artifactregistry.googleapis.com 200
[debug] [2024-07-19T15:45:29.300Z] <<< [apiv2][body] GET https://serviceusage.googleapis.com/v1/projects/creator-platform---production/services/artifactregistry.googleapis.com [omitted]
[info] ✔  artifactregistry: required API artifactregistry.googleapis.com is enabled 
[debug] [2024-07-19T15:45:29.303Z] <<< [apiv2][status] GET https://serviceusage.googleapis.com/v1/projects/creator-platform---production/services/cloudbuild.googleapis.com 200
[debug] [2024-07-19T15:45:29.303Z] <<< [apiv2][body] GET https://serviceusage.googleapis.com/v1/projects/creator-platform---production/services/cloudbuild.googleapis.com [omitted]
[info] ✔  functions: required API cloudbuild.googleapis.com is enabled 
[debug] [2024-07-19T15:45:29.306Z] <<< [apiv2][status] GET https://serviceusage.googleapis.com/v1/projects/creator-platform---production/services/cloudfunctions.googleapis.com 200
[debug] [2024-07-19T15:45:29.306Z] <<< [apiv2][body] GET https://serviceusage.googleapis.com/v1/projects/creator-platform---production/services/cloudfunctions.googleapis.com [omitted]
[info] ✔  functions: required API cloudfunctions.googleapis.com is enabled 
[debug] [2024-07-19T15:45:29.307Z] <<< [apiv2][status] GET https://serviceusage.googleapis.com/v1/projects/creator-platform---production/services/runtimeconfig.googleapis.com 200
[debug] [2024-07-19T15:45:29.307Z] <<< [apiv2][body] GET https://serviceusage.googleapis.com/v1/projects/creator-platform---production/services/runtimeconfig.googleapis.com [omitted]
[debug] [2024-07-19T15:45:29.307Z] >>> [apiv2][query] GET https://firebase.googleapis.com/v1beta1/projects/creator-platform---production/adminSdkConfig [none]
[debug] [2024-07-19T15:45:29.916Z] <<< [apiv2][status] GET https://firebase.googleapis.com/v1beta1/projects/creator-platform---production/adminSdkConfig 200
[debug] [2024-07-19T15:45:29.916Z] <<< [apiv2][body] GET https://firebase.googleapis.com/v1beta1/projects/creator-platform---production/adminSdkConfig {"projectId":"creator-platform---production","storageBucket":"creator-platform---production.appspot.com","locationId":"us-central"}
[debug] [2024-07-19T15:45:29.917Z] >>> [apiv2][query] GET https://runtimeconfig.googleapis.com/v1beta1/projects/creator-platform---production/configs [none]
[debug] [2024-07-19T15:45:30.217Z] <<< [apiv2][status] GET https://runtimeconfig.googleapis.com/v1beta1/projects/creator-platform---production/configs 200
[debug] [2024-07-19T15:45:30.217Z] <<< [apiv2][body] GET https://runtimeconfig.googleapis.com/v1beta1/projects/creator-platform---production/configs {}
[debug] [2024-07-19T15:45:30.219Z] Validating nodejs source
[debug] [2024-07-19T15:45:30.902Z] > [functions] package.json contents: {
  "name": "functions",
  "description": "Cloud Functions for Firebase",
  "scripts": {
    "serve": "firebase emulators:start --only functions",
    "shell": "firebase functions:shell",
    "start": "npm run shell",
    "deploy": "firebase deploy --only functions",
    "logs": "firebase functions:log"
  },
  "engines": {
    "node": "18"
  },
  "main": "index.js",
  "dependencies": {
    "firebase-admin": "^12.1.0",
    "firebase-functions": "^5.0.0",
    "stripe": "^16.2.0"
  },
  "devDependencies": {
    "firebase-functions-test": "^3.1.0"
  },
  "private": true
}
[debug] [2024-07-19T15:45:30.902Z] Building nodejs source
[info] i  functions: Loading and analyzing source code for codebase default to determine what to deploy 
[debug] [2024-07-19T15:45:30.903Z] Could not find functions.yaml. Must use http discovery
[debug] [2024-07-19T15:45:30.908Z] Found firebase-functions binary at '/home/kaleshe/creator-platform-be/functions/node_modules/.bin/firebase-functions'
[info] Serving at port 8335

[debug] [2024-07-19T15:45:31.364Z] Got response from /__/functions.yaml {"endpoints":{"stripeEvent":{"availableMemoryMb":null,"timeoutSeconds":null,"minInstances":null,"maxInstances":null,"ingressSettings":null,"concurrency":null,"serviceAccountEmail":null,"vpc":null,"platform":"gcfv2","labels":{},"httpsTrigger":{},"entryPoint":"stripeEvent"}},"specVersion":"v1alpha1","requiredAPIs":[]}
[info] i  functions: Loaded environment variables from .env. 
[info] i  functions: preparing functions directory for uploading... 
[info] i  functions: packaged /home/kaleshe/creator-platform-be/functions (62.21 KB) for uploading 
[debug] [2024-07-19T15:45:36.429Z] >>> [apiv2][query] GET https://cloudfunctions.googleapis.com/v1/projects/creator-platform---production/locations/-/functions [none]
[debug] [2024-07-19T15:45:37.125Z] <<< [apiv2][status] GET https://cloudfunctions.googleapis.com/v1/projects/creator-platform---production/locations/-/functions 200
[debug] [2024-07-19T15:45:37.125Z] <<< [apiv2][body] GET https://cloudfunctions.googleapis.com/v1/projects/creator-platform---production/locations/-/functions {}
[debug] [2024-07-19T15:45:37.126Z] >>> [apiv2][query] GET https://cloudfunctions.googleapis.com/v2/projects/creator-platform---production/locations/-/functions filter=environment%3D%22GEN_2%22
[debug] [2024-07-19T15:45:38.210Z] <<< [apiv2][status] GET https://cloudfunctions.googleapis.com/v2/projects/creator-platform---production/locations/-/functions 200
[debug] [2024-07-19T15:45:38.211Z] <<< [apiv2][body] GET https://cloudfunctions.googleapis.com/v2/projects/creator-platform---production/locations/-/functions {"functions":[{"name":"projects/creator-platform---production/locations/us-central1/functions/stripeEvent","buildConfig":{"build":"projects/507257761844/locations/us-central1/builds/4a2c2dae-ff29-430b-94bf-682df812e534","runtime":"nodejs18","entryPoint":"stripeEvent","source":{"storageSource":{"bucket":"gcf-v2-sources-507257761844-us-central1","object":"stripeEvent/function-source.zip","generation":"1721403670680412"}},"environmentVariables":{"GOOGLE_NODE_RUN_SCRIPTS":""},"dockerRepository":"projects/creator-platform---production/locations/us-central1/repositories/gcf-artifacts","sourceProvenance":{"resolvedStorageSource":{"bucket":"gcf-v2-sources-507257761844-us-central1","object":"stripeEvent/function-source.zip","generation":"1721403670680412"}},"dockerRegistry":"ARTIFACT_REGISTRY","automaticUpdatePolicy":{}},"serviceConfig":{"service":"projects/creator-platform---production/locations/us-central1/services/stripeevent","timeoutSeconds":60,"environmentVariables":{"STRIPE_WHSEC":"whsec_uqXEJcwq4vbejUD9zINJBPtUDZFZpGJW","FIREBASE_CONFIG":"{\"projectId\":\"creator-platform---production\",\"storageBucket\":\"creator-platform---production.appspot.com\",\"locationId\":\"us-central\"}","GCLOUD_PROJECT":"creator-platform---production","EVENTARC_CLOUD_EVENT_SOURCE":"projects/creator-platform---production/locations/us-central1/services/stripeEvent","FUNCTION_TARGET":"stripeEvent","LOG_EXECUTION_ID":"true"},"maxInstanceCount":100,"ingressSettings":"ALLOW_ALL","uri":"https://stripeevent-oa6q6zhkqa-uc.a.run.app","serviceAccountEmail":"507257761844-compute@developer.gserviceaccount.com","availableMemory":"256Mi","allTrafficOnLatestRevision":true,"revision":"stripeevent-00006-bil","maxInstanceRequestConcurrency":80,"availableCpu":"1"},"state":"ACTIVE","updateTime":"2024-07-19T15:42:16.091824900Z","labels":{"firebase-functions-hash":"97681adc56df828006061189b1e9360345b4719e","deployment-tool":"cli-firebase"},"environment":"GEN_2","url":"https://us-central1-creator-platform---production.cloudfunctions.net/stripeEvent","createTime":"2024-07-19T12:22:48.670978070Z"},{"name":"projects/creator-platform---production/locations/us-central1/functions/ssrcreatorplatformprodu","buildConfig":{"build":"projects/507257761844/locations/us-central1/builds/c851491e-d0c0-443b-827a-6319a26669d3","runtime":"nodejs20","entryPoint":"ssrcreatorplatformprodu","source":{"storageSource":{"bucket":"gcf-v2-sources-507257761844-us-central1","object":"ssrcreatorplatformprodu/function-source.zip","generation":"1721401921780305"}},"environmentVariables":{"GOOGLE_NODE_RUN_SCRIPTS":""},"dockerRepository":"projects/creator-platform---production/locations/us-central1/repositories/gcf-artifacts","sourceProvenance":{"resolvedStorageSource":{"bucket":"gcf-v2-sources-507257761844-us-central1","object":"ssrcreatorplatformprodu/function-source.zip","generation":"1721401921780305"}},"dockerRegistry":"ARTIFACT_REGISTRY","automaticUpdatePolicy":{}},"serviceConfig":{"service":"projects/creator-platform---production/locations/us-central1/services/ssrcreatorplatformprodu","timeoutSeconds":60,"environmentVariables":{"VERCEL_URL":"creator-platform---production.web.app","__FIREBASE_FRAMEWORKS_ENTRY__":"next.js","__FIREBASE_DEFAULTS__":"{\"config\":{\"projectId\":\"creator-platform---production\",\"appId\":\"1:507257761844:web:e92086fb84814b2f135a61\",\"storageBucket\":\"creator-platform---production.appspot.com\",\"locationId\":\"us-central\",\"apiKey\":\"AIzaSyDtzpjtlkX-g6codBqNbZ-mnIvI08phg_A\",\"authDomain\":\"creator-platform---production.firebaseapp.com\",\"messagingSenderId\":\"507257761844\",\"measurementId\":\"G-B07WWNTJ0K\"},\"_authTokenSyncURL\":\"/__session\"}","FIREBASE_CONFIG":"{\"projectId\":\"creator-platform---production\",\"storageBucket\":\"creator-platform---production.appspot.com\",\"locationId\":\"us-central\"}","GCLOUD_PROJECT":"creator-platform---production","EVENTARC_CLOUD_EVENT_SOURCE":"projects/creator-platform---production/locations/us-central1/services/ssrcreatorplatformprodu","FUNCTION_TARGET":"ssrcreatorplatformprodu","LOG_EXECUTION_ID":"true"},"maxInstanceCount":100,"ingressSettings":"ALLOW_ALL","uri":"https://ssrcreatorplatformprodu-oa6q6zhkqa-uc.a.run.app","serviceAccountEmail":"507257761844-compute@developer.gserviceaccount.com","availableMemory":"256Mi","allTrafficOnLatestRevision":true,"revision":"ssrcreatorplatformprodu-00033-nuf","maxInstanceRequestConcurrency":80,"availableCpu":"1"},"state":"ACTIVE","updateTime":"2024-07-19T15:15:42.770337011Z","labels":{"deployment-tool":"cli-firebase","firebase-functions-codebase":"firebase-frameworks-creator-platform---production","firebase-functions-hash":"8313250ac9412e12d29c9700486b05c8303d852b"},"environment":"GEN_2","url":"https://us-central1-creator-platform---production.cloudfunctions.net/ssrcreatorplatformprodu","createTime":"2024-06-28T09:26:41.192882424Z"}]}
[info] i  functions: ensuring required API run.googleapis.com is enabled... 
[info] i  functions: ensuring required API eventarc.googleapis.com is enabled... 
[info] i  functions: ensuring required API pubsub.googleapis.com is enabled... 
[info] i  functions: ensuring required API storage.googleapis.com is enabled... 
[debug] [2024-07-19T15:45:38.214Z] >>> [apiv2][query] GET https://serviceusage.googleapis.com/v1/projects/creator-platform---production/services/run.googleapis.com [none]
[debug] [2024-07-19T15:45:38.215Z] >>> [apiv2][(partial)header] GET https://serviceusage.googleapis.com/v1/projects/creator-platform---production/services/run.googleapis.com x-goog-quota-user=projects/creator-platform---production
[debug] [2024-07-19T15:45:38.216Z] >>> [apiv2][query] GET https://serviceusage.googleapis.com/v1/projects/creator-platform---production/services/eventarc.googleapis.com [none]
[debug] [2024-07-19T15:45:38.216Z] >>> [apiv2][(partial)header] GET https://serviceusage.googleapis.com/v1/projects/creator-platform---production/services/eventarc.googleapis.com x-goog-quota-user=projects/creator-platform---production
[debug] [2024-07-19T15:45:38.218Z] >>> [apiv2][query] GET https://serviceusage.googleapis.com/v1/projects/creator-platform---production/services/pubsub.googleapis.com [none]
[debug] [2024-07-19T15:45:38.218Z] >>> [apiv2][(partial)header] GET https://serviceusage.googleapis.com/v1/projects/creator-platform---production/services/pubsub.googleapis.com x-goog-quota-user=projects/creator-platform---production
[debug] [2024-07-19T15:45:38.219Z] >>> [apiv2][query] GET https://serviceusage.googleapis.com/v1/projects/creator-platform---production/services/storage.googleapis.com [none]
[debug] [2024-07-19T15:45:38.219Z] >>> [apiv2][(partial)header] GET https://serviceusage.googleapis.com/v1/projects/creator-platform---production/services/storage.googleapis.com x-goog-quota-user=projects/creator-platform---production
[debug] [2024-07-19T15:45:38.667Z] <<< [apiv2][status] GET https://serviceusage.googleapis.com/v1/projects/creator-platform---production/services/pubsub.googleapis.com 200
[debug] [2024-07-19T15:45:38.668Z] <<< [apiv2][body] GET https://serviceusage.googleapis.com/v1/projects/creator-platform---production/services/pubsub.googleapis.com [omitted]
[info] ✔  functions: required API pubsub.googleapis.com is enabled 
[debug] [2024-07-19T15:45:39.128Z] <<< [apiv2][status] GET https://serviceusage.googleapis.com/v1/projects/creator-platform---production/services/run.googleapis.com 200
[debug] [2024-07-19T15:45:39.128Z] <<< [apiv2][body] GET https://serviceusage.googleapis.com/v1/projects/creator-platform---production/services/run.googleapis.com [omitted]
[info] ✔  functions: required API run.googleapis.com is enabled 
[debug] [2024-07-19T15:45:39.166Z] <<< [apiv2][status] GET https://serviceusage.googleapis.com/v1/projects/creator-platform---production/services/storage.googleapis.com 200
[debug] [2024-07-19T15:45:39.166Z] <<< [apiv2][body] GET https://serviceusage.googleapis.com/v1/projects/creator-platform---production/services/storage.googleapis.com [omitted]
[info] ✔  functions: required API storage.googleapis.com is enabled 
[debug] [2024-07-19T15:45:39.203Z] <<< [apiv2][status] GET https://serviceusage.googleapis.com/v1/projects/creator-platform---production/services/eventarc.googleapis.com 200
[debug] [2024-07-19T15:45:39.203Z] <<< [apiv2][body] GET https://serviceusage.googleapis.com/v1/projects/creator-platform---production/services/eventarc.googleapis.com [omitted]
[info] ✔  functions: required API eventarc.googleapis.com is enabled 
[info] i  functions: generating the service identity for pubsub.googleapis.com... 
[info] i  functions: generating the service identity for eventarc.googleapis.com... 
[debug] [2024-07-19T15:45:39.204Z] >>> [apiv2][query] POST https://serviceusage.googleapis.com/v1beta1/projects/507257761844/services/pubsub.googleapis.com:generateServiceIdentity [none]
[debug] [2024-07-19T15:45:39.204Z] >>> [apiv2][query] POST https://serviceusage.googleapis.com/v1beta1/projects/507257761844/services/eventarc.googleapis.com:generateServiceIdentity [none]
[debug] [2024-07-19T15:45:39.708Z] <<< [apiv2][status] POST https://serviceusage.googleapis.com/v1beta1/projects/507257761844/services/pubsub.googleapis.com:generateServiceIdentity 200
[debug] [2024-07-19T15:45:39.709Z] <<< [apiv2][body] POST https://serviceusage.googleapis.com/v1beta1/projects/507257761844/services/pubsub.googleapis.com:generateServiceIdentity {"name":"operations/finished.DONE_OPERATION","done":true,"response":{"@type":"type.googleapis.com/google.api.serviceusage.v1beta1.ServiceIdentity","email":"service-507257761844@gcp-sa-pubsub.iam.gserviceaccount.com","uniqueId":"109098508026584742144"}}
[debug] [2024-07-19T15:45:40.195Z] <<< [apiv2][status] POST https://serviceusage.googleapis.com/v1beta1/projects/507257761844/services/eventarc.googleapis.com:generateServiceIdentity 200
[debug] [2024-07-19T15:45:40.195Z] <<< [apiv2][body] POST https://serviceusage.googleapis.com/v1beta1/projects/507257761844/services/eventarc.googleapis.com:generateServiceIdentity {"name":"operations/finished.DONE_OPERATION","done":true,"response":{"@type":"type.googleapis.com/google.api.serviceusage.v1beta1.ServiceIdentity","email":"service-507257761844@gcp-sa-eventarc.iam.gserviceaccount.com","uniqueId":"102922950140537584757"}}
[debug] [2024-07-19T15:45:40.196Z] >>> [apiv2][query] GET https://firebase.googleapis.com/v1beta1/projects/creator-platform---production [none]
[debug] [2024-07-19T15:45:40.500Z] <<< [apiv2][status] GET https://firebase.googleapis.com/v1beta1/projects/creator-platform---production 200
[debug] [2024-07-19T15:45:40.500Z] <<< [apiv2][body] GET https://firebase.googleapis.com/v1beta1/projects/creator-platform---production {"projectId":"creator-platform---production","projectNumber":"507257761844","displayName":"Creator Platform - Production","name":"projects/creator-platform---production","resources":{"hostingSite":"creator-platform---production","storageBucket":"creator-platform---production.appspot.com","locationId":"us-central"},"state":"ACTIVE","etag":"1_74535b58-4d6a-40dc-9873-ade6f0712b83"}
[debug] [2024-07-19T15:45:40.503Z] >>> [apiv2][query] POST https://cloudfunctions.googleapis.com/v2/projects/creator-platform---production/locations/us-central1/functions:generateUploadUrl [none]
[debug] [2024-07-19T15:45:41.402Z] <<< [apiv2][status] POST https://cloudfunctions.googleapis.com/v2/projects/creator-platform---production/locations/us-central1/functions:generateUploadUrl 200
[debug] [2024-07-19T15:45:41.402Z] <<< [apiv2][body] POST https://cloudfunctions.googleapis.com/v2/projects/creator-platform---production/locations/us-central1/functions:generateUploadUrl {"uploadUrl":"https://storage.googleapis.com/gcf-v2-uploads-507257761844-us-central1/e396785b-ac84-4076-aa82-eb4677f88432.zip?GoogleAccessId=service-507257761844@gcf-admin-robot.iam.gserviceaccount.com&Expires=1721405803&Signature=hkVN%2BQw5fZZnkblL3GU70UotxyrxUpPM1VLaOo4fPcs2BiT8jDKc%2Fbqw4VAMYYh7vxZeDgrrLF9FNQ5LfyS6BGAjCVm5r8U1N7AUaPzan%2FJ04gew01mwm%2B0DyC6CuuEcgrLgpYvJhBrQXRp3EdcM%2Fy2lmNEkR4zkJ1VZRh5KmT4vQw%2F8t296WsNw2d9pM9%2Bs3BOxL6pdFqa4f5CV8nKjAxisdt6W08zTbwsKWKvHIj31Np0dC5AbSGGytfolOombZ4VXWNoV78cYbSq%2BIlw3Vtk2WhvBNVIOwW%2FjEsRrbQ7wVLyMRb5hV83LWo7cHLfLHxc4Nk%2BUSggse6eIeoFUpw%3D%3D","storageSource":{"bucket":"gcf-v2-uploads-507257761844-us-central1","object":"e396785b-ac84-4076-aa82-eb4677f88432.zip"}}
[debug] [2024-07-19T15:45:41.403Z] >>> [apiv2][query] PUT https://storage.googleapis.com/gcf-v2-uploads-507257761844-us-central1/e396785b-ac84-4076-aa82-eb4677f88432.zip GoogleAccessId=service-507257761844%40gcf-admin-robot.iam.gserviceaccount.com&Expires=1721405803&Signature=hkVN%2BQw5fZZnkblL3GU70UotxyrxUpPM1VLaOo4fPcs2BiT8jDKc%2Fbqw4VAMYYh7vxZeDgrrLF9FNQ5LfyS6BGAjCVm5r8U1N7AUaPzan%2FJ04gew01mwm%2B0DyC6CuuEcgrLgpYvJhBrQXRp3EdcM%2Fy2lmNEkR4zkJ1VZRh5KmT4vQw%2F8t296WsNw2d9pM9%2Bs3BOxL6pdFqa4f5CV8nKjAxisdt6W08zTbwsKWKvHIj31Np0dC5AbSGGytfolOombZ4VXWNoV78cYbSq%2BIlw3Vtk2WhvBNVIOwW%2FjEsRrbQ7wVLyMRb5hV83LWo7cHLfLHxc4Nk%2BUSggse6eIeoFUpw%3D%3D
[debug] [2024-07-19T15:45:41.403Z] >>> [apiv2][body] PUT https://storage.googleapis.com/gcf-v2-uploads-507257761844-us-central1/e396785b-ac84-4076-aa82-eb4677f88432.zip [stream]
[debug] [2024-07-19T15:45:41.973Z] <<< [apiv2][status] PUT https://storage.googleapis.com/gcf-v2-uploads-507257761844-us-central1/e396785b-ac84-4076-aa82-eb4677f88432.zip 200
[debug] [2024-07-19T15:45:41.973Z] <<< [apiv2][body] PUT https://storage.googleapis.com/gcf-v2-uploads-507257761844-us-central1/e396785b-ac84-4076-aa82-eb4677f88432.zip [omitted]
[info] ✔  functions: functions folder uploaded successfully 
[info] i  functions: updating Node.js 18 (2nd Gen) function stripeEvent(us-central1)... 
[debug] [2024-07-19T15:45:41.977Z] >>> [apiv2][query] PATCH https://cloudfunctions.googleapis.com/v2/projects/creator-platform---production/locations/us-central1/functions/stripeEvent updateMask=name%2CbuildConfig.runtime%2CbuildConfig.entryPoint%2CbuildConfig.source.storageSource.bucket%2CbuildConfig.source.storageSource.object%2CbuildConfig.environmentVariables%2CbuildConfig.sourceToken%2CserviceConfig.environmentVariables%2CserviceConfig.ingressSettings%2CserviceConfig.timeoutSeconds%2CserviceConfig.serviceAccountEmail%2CserviceConfig.availableMemory%2CserviceConfig.minInstanceCount%2CserviceConfig.maxInstanceCount%2CserviceConfig.maxInstanceRequestConcurrency%2CserviceConfig.availableCpu%2CserviceConfig.vpcConnector%2CserviceConfig.vpcConnectorEgressSettings%2Clabels%2CbuildConfig.buildEnvironmentVariables
[debug] [2024-07-19T15:45:41.977Z] >>> [apiv2][body] PATCH https://cloudfunctions.googleapis.com/v2/projects/creator-platform---production/locations/us-central1/functions/stripeEvent {"name":"projects/creator-platform---production/locations/us-central1/functions/stripeEvent","buildConfig":{"runtime":"nodejs18","entryPoint":"stripeEvent","source":{"storageSource":{"bucket":"gcf-v2-uploads-507257761844-us-central1","object":"e396785b-ac84-4076-aa82-eb4677f88432.zip"}},"environmentVariables":{"GOOGLE_NODE_RUN_SCRIPTS":""}},"serviceConfig":{"environmentVariables":{"STRIPE_WHSEC":"whsec_uqXEJcwq4vbejUD9zINJBPtUDZFZpGJW","FIREBASE_CONFIG":"{\"projectId\":\"creator-platform---production\",\"storageBucket\":\"creator-platform---production.appspot.com\",\"locationId\":\"us-central\"}","GCLOUD_PROJECT":"creator-platform---production","EVENTARC_CLOUD_EVENT_SOURCE":"projects/creator-platform---production/locations/us-central1/services/stripeEvent","FUNCTION_TARGET":"stripeEvent"},"ingressSettings":null,"timeoutSeconds":null,"serviceAccountEmail":null,"availableMemory":"256Mi","minInstanceCount":null,"maxInstanceCount":null,"maxInstanceRequestConcurrency":80,"availableCpu":"1","vpcConnector":null,"vpcConnectorEgressSettings":null},"labels":{"deployment-tool":"cli-firebase","firebase-functions-hash":"73700bf315d4b8d77d11a835e31954dd7e5fff28"}}
[debug] [2024-07-19T15:45:43.893Z] <<< [apiv2][status] PATCH https://cloudfunctions.googleapis.com/v2/projects/creator-platform---production/locations/us-central1/functions/stripeEvent 200
[debug] [2024-07-19T15:45:43.894Z] <<< [apiv2][body] PATCH https://cloudfunctions.googleapis.com/v2/projects/creator-platform---production/locations/us-central1/functions/stripeEvent {"name":"projects/creator-platform---production/locations/us-central1/operations/operation-1721404004558-61d9b9a34e7cc-13878985-23559921","metadata":{"@type":"type.googleapis.com/google.cloud.functions.v2.OperationMetadata","createTime":"2024-07-19T15:46:45.535115072Z","target":"projects/creator-platform---production/locations/us-central1/functions/stripeEvent","verb":"update","cancelRequested":false,"apiVersion":"v2"},"done":false}
[debug] [2024-07-19T15:45:43.894Z] >>> [apiv2][query] GET https://cloudfunctions.googleapis.com/v2/projects/creator-platform---production/locations/us-central1/operations/operation-1721404004558-61d9b9a34e7cc-13878985-23559921 [none]
[debug] [2024-07-19T15:45:44.660Z] <<< [apiv2][status] GET https://cloudfunctions.googleapis.com/v2/projects/creator-platform---production/locations/us-central1/operations/operation-1721404004558-61d9b9a34e7cc-13878985-23559921 200
[debug] [2024-07-19T15:45:44.660Z] <<< [apiv2][body] GET https://cloudfunctions.googleapis.com/v2/projects/creator-platform---production/locations/us-central1/operations/operation-1721404004558-61d9b9a34e7cc-13878985-23559921 {"name":"projects/creator-platform---production/locations/us-central1/operations/operation-1721404004558-61d9b9a34e7cc-13878985-23559921","metadata":{"@type":"type.googleapis.com/google.cloud.functions.v2.OperationMetadata","createTime":"2024-07-19T15:46:45.535115072Z","target":"projects/creator-platform---production/locations/us-central1/functions/stripeEvent","verb":"update","cancelRequested":false,"apiVersion":"v2","requestResource":{"@type":"type.googleapis.com/google.cloud.functions.v2.Function","name":"projects/creator-platform---production/locations/us-central1/functions/stripeEvent","buildConfig":{"runtime":"nodejs18","entryPoint":"stripeEvent","source":{"storageSource":{"bucket":"gcf-v2-sources-507257761844-us-central1","object":"stripeEvent/function-source.zip","generation":"1721404005478722"}},"environmentVariables":{"GOOGLE_NODE_RUN_SCRIPTS":""},"dockerRepository":"projects/creator-platform---production/locations/us-central1/repositories/gcf-artifacts","sourceProvenance":{"resolvedStorageSource":{"bucket":"gcf-v2-sources-507257761844-us-central1","object":"stripeEvent/function-source.zip","generation":"1721403670680412"}},"dockerRegistry":"ARTIFACT_REGISTRY","automaticUpdatePolicy":{}},"serviceConfig":{"service":"projects/creator-platform---production/locations/us-central1/services/stripeevent","timeoutSeconds":60,"environmentVariables":{"STRIPE_WHSEC":"whsec_uqXEJcwq4vbejUD9zINJBPtUDZFZpGJW","FIREBASE_CONFIG":"{\"projectId\":\"creator-platform---production\",\"storageBucket\":\"creator-platform---production.appspot.com\",\"locationId\":\"us-central\"}","GCLOUD_PROJECT":"creator-platform---production","EVENTARC_CLOUD_EVENT_SOURCE":"projects/creator-platform---production/locations/us-central1/services/stripeEvent","FUNCTION_TARGET":"stripeEvent","LOG_EXECUTION_ID":"true"},"ingressSettings":"ALLOW_ALL","uri":"https://stripeevent-oa6q6zhkqa-uc.a.run.app","serviceAccountEmail":"507257761844-compute@developer.gserviceaccount.com","availableMemory":"256Mi","allTrafficOnLatestRevision":true,"revision":"stripeevent-00006-bil","maxInstanceRequestConcurrency":80,"availableCpu":"1"},"state":"ACTIVE","labels":{"deployment-tool":"cloudfunctions","firebase-functions-hash":"73700bf315d4b8d77d11a835e31954dd7e5fff28"},"environment":"GEN_2","url":"https://us-central1-creator-platform---production.cloudfunctions.net/stripeEvent"},"stages":[{"name":"BUILD","message":"Creating build","state":"IN_PROGRESS","resource":"projects/507257761844/locations/us-central1/builds/37226db8-a729-445a-9509-dd744c31c3f7","resourceUri":"https://console.cloud.google.com/cloud-build/builds;region=us-central1/37226db8-a729-445a-9509-dd744c31c3f7?project=507257761844"},{"name":"SERVICE","state":"NOT_STARTED"}],"operationType":"UPDATE_FUNCTION"},"done":false}
[debug] [2024-07-19T15:45:45.166Z] [update-default-us-central1-stripeEvent] Retrying task index 0
[debug] [2024-07-19T15:45:45.167Z] >>> [apiv2][query] GET https://cloudfunctions.googleapis.com/v2/projects/creator-platform---production/locations/us-central1/operations/operation-1721404004558-61d9b9a34e7cc-13878985-23559921 [none]
[debug] [2024-07-19T15:45:45.938Z] <<< [apiv2][status] GET https://cloudfunctions.googleapis.com/v2/projects/creator-platform---production/locations/us-central1/operations/operation-1721404004558-61d9b9a34e7cc-13878985-23559921 200
[debug] [2024-07-19T15:45:45.938Z] <<< [apiv2][body] GET https://cloudfunctions.googleapis.com/v2/projects/creator-platform---production/locations/us-central1/operations/operation-1721404004558-61d9b9a34e7cc-13878985-23559921 {"name":"projects/creator-platform---production/locations/us-central1/operations/operation-1721404004558-61d9b9a34e7cc-13878985-23559921","metadata":{"@type":"type.googleapis.com/google.cloud.functions.v2.OperationMetadata","createTime":"2024-07-19T15:46:45.535115072Z","target":"projects/creator-platform---production/locations/us-central1/functions/stripeEvent","verb":"update","cancelRequested":false,"apiVersion":"v2","requestResource":{"@type":"type.googleapis.com/google.cloud.functions.v2.Function","name":"projects/creator-platform---production/locations/us-central1/functions/stripeEvent","buildConfig":{"runtime":"nodejs18","entryPoint":"stripeEvent","source":{"storageSource":{"bucket":"gcf-v2-sources-507257761844-us-central1","object":"stripeEvent/function-source.zip","generation":"1721404005478722"}},"environmentVariables":{"GOOGLE_NODE_RUN_SCRIPTS":""},"dockerRepository":"projects/creator-platform---production/locations/us-central1/repositories/gcf-artifacts","sourceProvenance":{"resolvedStorageSource":{"bucket":"gcf-v2-sources-507257761844-us-central1","object":"stripeEvent/function-source.zip","generation":"1721403670680412"}},"dockerRegistry":"ARTIFACT_REGISTRY","automaticUpdatePolicy":{}},"serviceConfig":{"service":"projects/creator-platform---production/locations/us-central1/services/stripeevent","timeoutSeconds":60,"environmentVariables":{"STRIPE_WHSEC":"whsec_uqXEJcwq4vbejUD9zINJBPtUDZFZpGJW","FIREBASE_CONFIG":"{\"projectId\":\"creator-platform---production\",\"storageBucket\":\"creator-platform---production.appspot.com\",\"locationId\":\"us-central\"}","GCLOUD_PROJECT":"creator-platform---production","EVENTARC_CLOUD_EVENT_SOURCE":"projects/creator-platform---production/locations/us-central1/services/stripeEvent","FUNCTION_TARGET":"stripeEvent","LOG_EXECUTION_ID":"true"},"ingressSettings":"ALLOW_ALL","uri":"https://stripeevent-oa6q6zhkqa-uc.a.run.app","serviceAccountEmail":"507257761844-compute@developer.gserviceaccount.com","availableMemory":"256Mi","allTrafficOnLatestRevision":true,"revision":"stripeevent-00006-bil","maxInstanceRequestConcurrency":80,"availableCpu":"1"},"state":"ACTIVE","labels":{"deployment-tool":"cloudfunctions","firebase-functions-hash":"73700bf315d4b8d77d11a835e31954dd7e5fff28"},"environment":"GEN_2","url":"https://us-central1-creator-platform---production.cloudfunctions.net/stripeEvent"},"stages":[{"name":"BUILD","message":"Build in progress","state":"IN_PROGRESS","resource":"projects/507257761844/locations/us-central1/builds/37226db8-a729-445a-9509-dd744c31c3f7","resourceUri":"https://console.cloud.google.com/cloud-build/builds;region=us-central1/37226db8-a729-445a-9509-dd744c31c3f7?project=507257761844"},{"name":"SERVICE","state":"NOT_STARTED"}],"operationType":"UPDATE_FUNCTION"},"done":false}
[debug] [2024-07-19T15:45:46.947Z] [update-default-us-central1-stripeEvent] Retrying task index 0
[debug] [2024-07-19T15:45:46.947Z] >>> [apiv2][query] GET https://cloudfunctions.googleapis.com/v2/projects/creator-platform---production/locations/us-central1/operations/operation-1721404004558-61d9b9a34e7cc-13878985-23559921 [none]
[debug] [2024-07-19T15:45:47.763Z] <<< [apiv2][status] GET https://cloudfunctions.googleapis.com/v2/projects/creator-platform---production/locations/us-central1/operations/operation-1721404004558-61d9b9a34e7cc-13878985-23559921 200
[debug] [2024-07-19T15:45:47.763Z] <<< [apiv2][body] GET https://cloudfunctions.googleapis.com/v2/projects/creator-platform---production/locations/us-central1/operations/operation-1721404004558-61d9b9a34e7cc-13878985-23559921 {"name":"projects/creator-platform---production/locations/us-central1/operations/operation-1721404004558-61d9b9a34e7cc-13878985-23559921","metadata":{"@type":"type.googleapis.com/google.cloud.functions.v2.OperationMetadata","createTime":"2024-07-19T15:46:45.535115072Z","target":"projects/creator-platform---production/locations/us-central1/functions/stripeEvent","verb":"update","cancelRequested":false,"apiVersion":"v2","requestResource":{"@type":"type.googleapis.com/google.cloud.functions.v2.Function","name":"projects/creator-platform---production/locations/us-central1/functions/stripeEvent","buildConfig":{"runtime":"nodejs18","entryPoint":"stripeEvent","source":{"storageSource":{"bucket":"gcf-v2-sources-507257761844-us-central1","object":"stripeEvent/function-source.zip","generation":"1721404005478722"}},"environmentVariables":{"GOOGLE_NODE_RUN_SCRIPTS":""},"dockerRepository":"projects/creator-platform---production/locations/us-central1/repositories/gcf-artifacts","sourceProvenance":{"resolvedStorageSource":{"bucket":"gcf-v2-sources-507257761844-us-central1","object":"stripeEvent/function-source.zip","generation":"1721403670680412"}},"dockerRegistry":"ARTIFACT_REGISTRY","automaticUpdatePolicy":{}},"serviceConfig":{"service":"projects/creator-platform---production/locations/us-central1/services/stripeevent","timeoutSeconds":60,"environmentVariables":{"STRIPE_WHSEC":"whsec_uqXEJcwq4vbejUD9zINJBPtUDZFZpGJW","FIREBASE_CONFIG":"{\"projectId\":\"creator-platform---production\",\"storageBucket\":\"creator-platform---production.appspot.com\",\"locationId\":\"us-central\"}","GCLOUD_PROJECT":"creator-platform---production","EVENTARC_CLOUD_EVENT_SOURCE":"projects/creator-platform---production/locations/us-central1/services/stripeEvent","FUNCTION_TARGET":"stripeEvent","LOG_EXECUTION_ID":"true"},"ingressSettings":"ALLOW_ALL","uri":"https://stripeevent-oa6q6zhkqa-uc.a.run.app","serviceAccountEmail":"507257761844-compute@developer.gserviceaccount.com","availableMemory":"256Mi","allTrafficOnLatestRevision":true,"revision":"stripeevent-00006-bil","maxInstanceRequestConcurrency":80,"availableCpu":"1"},"state":"ACTIVE","labels":{"deployment-tool":"cloudfunctions","firebase-functions-hash":"73700bf315d4b8d77d11a835e31954dd7e5fff28"},"environment":"GEN_2","url":"https://us-central1-creator-platform---production.cloudfunctions.net/stripeEvent"},"stages":[{"name":"BUILD","message":"Build in progress","state":"IN_PROGRESS","resource":"projects/507257761844/locations/us-central1/builds/37226db8-a729-445a-9509-dd744c31c3f7","resourceUri":"https://console.cloud.google.com/cloud-build/builds;region=us-central1/37226db8-a729-445a-9509-dd744c31c3f7?project=507257761844"},{"name":"SERVICE","state":"NOT_STARTED"}],"operationType":"UPDATE_FUNCTION"},"done":false}
[debug] [2024-07-19T15:45:49.773Z] [update-default-us-central1-stripeEvent] Retrying task index 0
[debug] [2024-07-19T15:45:49.774Z] >>> [apiv2][query] GET https://cloudfunctions.googleapis.com/v2/projects/creator-platform---production/locations/us-central1/operations/operation-1721404004558-61d9b9a34e7cc-13878985-23559921 [none]
[debug] [2024-07-19T15:45:50.499Z] <<< [apiv2][status] GET https://cloudfunctions.googleapis.com/v2/projects/creator-platform---production/locations/us-central1/operations/operation-1721404004558-61d9b9a34e7cc-13878985-23559921 200
[debug] [2024-07-19T15:45:50.500Z] <<< [apiv2][body] GET https://cloudfunctions.googleapis.com/v2/projects/creator-platform---production/locations/us-central1/operations/operation-1721404004558-61d9b9a34e7cc-13878985-23559921 {"name":"projects/creator-platform---production/locations/us-central1/operations/operation-1721404004558-61d9b9a34e7cc-13878985-23559921","metadata":{"@type":"type.googleapis.com/google.cloud.functions.v2.OperationMetadata","createTime":"2024-07-19T15:46:45.535115072Z","target":"projects/creator-platform---production/locations/us-central1/functions/stripeEvent","verb":"update","cancelRequested":false,"apiVersion":"v2","requestResource":{"@type":"type.googleapis.com/google.cloud.functions.v2.Function","name":"projects/creator-platform---production/locations/us-central1/functions/stripeEvent","buildConfig":{"runtime":"nodejs18","entryPoint":"stripeEvent","source":{"storageSource":{"bucket":"gcf-v2-sources-507257761844-us-central1","object":"stripeEvent/function-source.zip","generation":"1721404005478722"}},"environmentVariables":{"GOOGLE_NODE_RUN_SCRIPTS":""},"dockerRepository":"projects/creator-platform---production/locations/us-central1/repositories/gcf-artifacts","sourceProvenance":{"resolvedStorageSource":{"bucket":"gcf-v2-sources-507257761844-us-central1","object":"stripeEvent/function-source.zip","generation":"1721403670680412"}},"dockerRegistry":"ARTIFACT_REGISTRY","automaticUpdatePolicy":{}},"serviceConfig":{"service":"projects/creator-platform---production/locations/us-central1/services/stripeevent","timeoutSeconds":60,"environmentVariables":{"STRIPE_WHSEC":"whsec_uqXEJcwq4vbejUD9zINJBPtUDZFZpGJW","FIREBASE_CONFIG":"{\"projectId\":\"creator-platform---production\",\"storageBucket\":\"creator-platform---production.appspot.com\",\"locationId\":\"us-central\"}","GCLOUD_PROJECT":"creator-platform---production","EVENTARC_CLOUD_EVENT_SOURCE":"projects/creator-platform---production/locations/us-central1/services/stripeEvent","FUNCTION_TARGET":"stripeEvent","LOG_EXECUTION_ID":"true"},"ingressSettings":"ALLOW_ALL","uri":"https://stripeevent-oa6q6zhkqa-uc.a.run.app","serviceAccountEmail":"507257761844-compute@developer.gserviceaccount.com","availableMemory":"256Mi","allTrafficOnLatestRevision":true,"revision":"stripeevent-00006-bil","maxInstanceRequestConcurrency":80,"availableCpu":"1"},"state":"ACTIVE","labels":{"deployment-tool":"cloudfunctions","firebase-functions-hash":"73700bf315d4b8d77d11a835e31954dd7e5fff28"},"environment":"GEN_2","url":"https://us-central1-creator-platform---production.cloudfunctions.net/stripeEvent"},"stages":[{"name":"BUILD","message":"Build in progress","state":"IN_PROGRESS","resource":"projects/507257761844/locations/us-central1/builds/37226db8-a729-445a-9509-dd744c31c3f7","resourceUri":"https://console.cloud.google.com/cloud-build/builds;region=us-central1/37226db8-a729-445a-9509-dd744c31c3f7?project=507257761844"},{"name":"SERVICE","state":"NOT_STARTED"}],"operationType":"UPDATE_FUNCTION"},"done":false}
[debug] [2024-07-19T15:45:54.516Z] [update-default-us-central1-stripeEvent] Retrying task index 0
[debug] [2024-07-19T15:45:54.516Z] >>> [apiv2][query] GET https://cloudfunctions.googleapis.com/v2/projects/creator-platform---production/locations/us-central1/operations/operation-1721404004558-61d9b9a34e7cc-13878985-23559921 [none]
[debug] [2024-07-19T15:45:55.278Z] <<< [apiv2][status] GET https://cloudfunctions.googleapis.com/v2/projects/creator-platform---production/locations/us-central1/operations/operation-1721404004558-61d9b9a34e7cc-13878985-23559921 200
[debug] [2024-07-19T15:45:55.278Z] <<< [apiv2][body] GET https://cloudfunctions.googleapis.com/v2/projects/creator-platform---production/locations/us-central1/operations/operation-1721404004558-61d9b9a34e7cc-13878985-23559921 {"name":"projects/creator-platform---production/locations/us-central1/operations/operation-1721404004558-61d9b9a34e7cc-13878985-23559921","metadata":{"@type":"type.googleapis.com/google.cloud.functions.v2.OperationMetadata","createTime":"2024-07-19T15:46:45.535115072Z","target":"projects/creator-platform---production/locations/us-central1/functions/stripeEvent","verb":"update","cancelRequested":false,"apiVersion":"v2","requestResource":{"@type":"type.googleapis.com/google.cloud.functions.v2.Function","name":"projects/creator-platform---production/locations/us-central1/functions/stripeEvent","buildConfig":{"runtime":"nodejs18","entryPoint":"stripeEvent","source":{"storageSource":{"bucket":"gcf-v2-sources-507257761844-us-central1","object":"stripeEvent/function-source.zip","generation":"1721404005478722"}},"environmentVariables":{"GOOGLE_NODE_RUN_SCRIPTS":""},"dockerRepository":"projects/creator-platform---production/locations/us-central1/repositories/gcf-artifacts","sourceProvenance":{"resolvedStorageSource":{"bucket":"gcf-v2-sources-507257761844-us-central1","object":"stripeEvent/function-source.zip","generation":"1721403670680412"}},"dockerRegistry":"ARTIFACT_REGISTRY","automaticUpdatePolicy":{}},"serviceConfig":{"service":"projects/creator-platform---production/locations/us-central1/services/stripeevent","timeoutSeconds":60,"environmentVariables":{"STRIPE_WHSEC":"whsec_uqXEJcwq4vbejUD9zINJBPtUDZFZpGJW","FIREBASE_CONFIG":"{\"projectId\":\"creator-platform---production\",\"storageBucket\":\"creator-platform---production.appspot.com\",\"locationId\":\"us-central\"}","GCLOUD_PROJECT":"creator-platform---production","EVENTARC_CLOUD_EVENT_SOURCE":"projects/creator-platform---production/locations/us-central1/services/stripeEvent","FUNCTION_TARGET":"stripeEvent","LOG_EXECUTION_ID":"true"},"ingressSettings":"ALLOW_ALL","uri":"https://stripeevent-oa6q6zhkqa-uc.a.run.app","serviceAccountEmail":"507257761844-compute@developer.gserviceaccount.com","availableMemory":"256Mi","allTrafficOnLatestRevision":true,"revision":"stripeevent-00006-bil","maxInstanceRequestConcurrency":80,"availableCpu":"1"},"state":"ACTIVE","labels":{"deployment-tool":"cloudfunctions","firebase-functions-hash":"73700bf315d4b8d77d11a835e31954dd7e5fff28"},"environment":"GEN_2","url":"https://us-central1-creator-platform---production.cloudfunctions.net/stripeEvent"},"stages":[{"name":"BUILD","message":"Build in progress","state":"IN_PROGRESS","resource":"projects/507257761844/locations/us-central1/builds/37226db8-a729-445a-9509-dd744c31c3f7","resourceUri":"https://console.cloud.google.com/cloud-build/builds;region=us-central1/37226db8-a729-445a-9509-dd744c31c3f7?project=507257761844"},{"name":"SERVICE","state":"NOT_STARTED"}],"operationType":"UPDATE_FUNCTION"},"done":false}
[debug] [2024-07-19T15:46:03.281Z] [update-default-us-central1-stripeEvent] Retrying task index 0
[debug] [2024-07-19T15:46:03.284Z] >>> [apiv2][query] GET https://cloudfunctions.googleapis.com/v2/projects/creator-platform---production/locations/us-central1/operations/operation-1721404004558-61d9b9a34e7cc-13878985-23559921 [none]
[debug] [2024-07-19T15:46:04.149Z] <<< [apiv2][status] GET https://cloudfunctions.googleapis.com/v2/projects/creator-platform---production/locations/us-central1/operations/operation-1721404004558-61d9b9a34e7cc-13878985-23559921 200
[debug] [2024-07-19T15:46:04.149Z] <<< [apiv2][body] GET https://cloudfunctions.googleapis.com/v2/projects/creator-platform---production/locations/us-central1/operations/operation-1721404004558-61d9b9a34e7cc-13878985-23559921 {"name":"projects/creator-platform---production/locations/us-central1/operations/operation-1721404004558-61d9b9a34e7cc-13878985-23559921","metadata":{"@type":"type.googleapis.com/google.cloud.functions.v2.OperationMetadata","createTime":"2024-07-19T15:46:45.535115072Z","target":"projects/creator-platform---production/locations/us-central1/functions/stripeEvent","verb":"update","cancelRequested":false,"apiVersion":"v2","requestResource":{"@type":"type.googleapis.com/google.cloud.functions.v2.Function","name":"projects/creator-platform---production/locations/us-central1/functions/stripeEvent","buildConfig":{"runtime":"nodejs18","entryPoint":"stripeEvent","source":{"storageSource":{"bucket":"gcf-v2-sources-507257761844-us-central1","object":"stripeEvent/function-source.zip","generation":"1721404005478722"}},"environmentVariables":{"GOOGLE_NODE_RUN_SCRIPTS":""},"dockerRepository":"projects/creator-platform---production/locations/us-central1/repositories/gcf-artifacts","sourceProvenance":{"resolvedStorageSource":{"bucket":"gcf-v2-sources-507257761844-us-central1","object":"stripeEvent/function-source.zip","generation":"1721403670680412"}},"dockerRegistry":"ARTIFACT_REGISTRY","automaticUpdatePolicy":{}},"serviceConfig":{"service":"projects/creator-platform---production/locations/us-central1/services/stripeevent","timeoutSeconds":60,"environmentVariables":{"STRIPE_WHSEC":"whsec_uqXEJcwq4vbejUD9zINJBPtUDZFZpGJW","FIREBASE_CONFIG":"{\"projectId\":\"creator-platform---production\",\"storageBucket\":\"creator-platform---production.appspot.com\",\"locationId\":\"us-central\"}","GCLOUD_PROJECT":"creator-platform---production","EVENTARC_CLOUD_EVENT_SOURCE":"projects/creator-platform---production/locations/us-central1/services/stripeEvent","FUNCTION_TARGET":"stripeEvent","LOG_EXECUTION_ID":"true"},"ingressSettings":"ALLOW_ALL","uri":"https://stripeevent-oa6q6zhkqa-uc.a.run.app","serviceAccountEmail":"507257761844-compute@developer.gserviceaccount.com","availableMemory":"256Mi","allTrafficOnLatestRevision":true,"revision":"stripeevent-00006-bil","maxInstanceRequestConcurrency":80,"availableCpu":"1"},"state":"ACTIVE","labels":{"deployment-tool":"cloudfunctions","firebase-functions-hash":"73700bf315d4b8d77d11a835e31954dd7e5fff28"},"environment":"GEN_2","url":"https://us-central1-creator-platform---production.cloudfunctions.net/stripeEvent"},"stages":[{"name":"BUILD","message":"Build in progress","state":"IN_PROGRESS","resource":"projects/507257761844/locations/us-central1/builds/37226db8-a729-445a-9509-dd744c31c3f7","resourceUri":"https://console.cloud.google.com/cloud-build/builds;region=us-central1/37226db8-a729-445a-9509-dd744c31c3f7?project=507257761844"},{"name":"SERVICE","state":"NOT_STARTED"}],"operationType":"UPDATE_FUNCTION"},"done":false}
[debug] [2024-07-19T15:46:14.174Z] [update-default-us-central1-stripeEvent] Retrying task index 0
[debug] [2024-07-19T15:46:14.176Z] >>> [apiv2][query] GET https://cloudfunctions.googleapis.com/v2/projects/creator-platform---production/locations/us-central1/operations/operation-1721404004558-61d9b9a34e7cc-13878985-23559921 [none]
[debug] [2024-07-19T15:46:15.014Z] <<< [apiv2][status] GET https://cloudfunctions.googleapis.com/v2/projects/creator-platform---production/locations/us-central1/operations/operation-1721404004558-61d9b9a34e7cc-13878985-23559921 200
[debug] [2024-07-19T15:46:15.014Z] <<< [apiv2][body] GET https://cloudfunctions.googleapis.com/v2/projects/creator-platform---production/locations/us-central1/operations/operation-1721404004558-61d9b9a34e7cc-13878985-23559921 {"name":"projects/creator-platform---production/locations/us-central1/operations/operation-1721404004558-61d9b9a34e7cc-13878985-23559921","metadata":{"@type":"type.googleapis.com/google.cloud.functions.v2.OperationMetadata","createTime":"2024-07-19T15:46:45.535115072Z","target":"projects/creator-platform---production/locations/us-central1/functions/stripeEvent","verb":"update","cancelRequested":false,"apiVersion":"v2","requestResource":{"@type":"type.googleapis.com/google.cloud.functions.v2.Function","name":"projects/creator-platform---production/locations/us-central1/functions/stripeEvent","buildConfig":{"runtime":"nodejs18","entryPoint":"stripeEvent","source":{"storageSource":{"bucket":"gcf-v2-sources-507257761844-us-central1","object":"stripeEvent/function-source.zip","generation":"1721404005478722"}},"environmentVariables":{"GOOGLE_NODE_RUN_SCRIPTS":""},"dockerRepository":"projects/creator-platform---production/locations/us-central1/repositories/gcf-artifacts","sourceProvenance":{"resolvedStorageSource":{"bucket":"gcf-v2-sources-507257761844-us-central1","object":"stripeEvent/function-source.zip","generation":"1721403670680412"}},"dockerRegistry":"ARTIFACT_REGISTRY","automaticUpdatePolicy":{}},"serviceConfig":{"service":"projects/creator-platform---production/locations/us-central1/services/stripeevent","timeoutSeconds":60,"environmentVariables":{"STRIPE_WHSEC":"whsec_uqXEJcwq4vbejUD9zINJBPtUDZFZpGJW","FIREBASE_CONFIG":"{\"projectId\":\"creator-platform---production\",\"storageBucket\":\"creator-platform---production.appspot.com\",\"locationId\":\"us-central\"}","GCLOUD_PROJECT":"creator-platform---production","EVENTARC_CLOUD_EVENT_SOURCE":"projects/creator-platform---production/locations/us-central1/services/stripeEvent","FUNCTION_TARGET":"stripeEvent","LOG_EXECUTION_ID":"true"},"ingressSettings":"ALLOW_ALL","uri":"https://stripeevent-oa6q6zhkqa-uc.a.run.app","serviceAccountEmail":"507257761844-compute@developer.gserviceaccount.com","availableMemory":"256Mi","allTrafficOnLatestRevision":true,"revision":"stripeevent-00006-bil","maxInstanceRequestConcurrency":80,"availableCpu":"1"},"state":"ACTIVE","labels":{"deployment-tool":"cloudfunctions","firebase-functions-hash":"73700bf315d4b8d77d11a835e31954dd7e5fff28"},"environment":"GEN_2","url":"https://us-central1-creator-platform---production.cloudfunctions.net/stripeEvent"},"stages":[{"name":"BUILD","message":"Build in progress","state":"IN_PROGRESS","resource":"projects/507257761844/locations/us-central1/builds/37226db8-a729-445a-9509-dd744c31c3f7","resourceUri":"https://console.cloud.google.com/cloud-build/builds;region=us-central1/37226db8-a729-445a-9509-dd744c31c3f7?project=507257761844"},{"name":"SERVICE","state":"NOT_STARTED"}],"operationType":"UPDATE_FUNCTION"},"done":false}
[debug] [2024-07-19T15:46:25.045Z] [update-default-us-central1-stripeEvent] Retrying task index 0
[debug] [2024-07-19T15:46:25.046Z] >>> [apiv2][query] GET https://cloudfunctions.googleapis.com/v2/projects/creator-platform---production/locations/us-central1/operations/operation-1721404004558-61d9b9a34e7cc-13878985-23559921 [none]
[debug] [2024-07-19T15:46:25.901Z] <<< [apiv2][status] GET https://cloudfunctions.googleapis.com/v2/projects/creator-platform---production/locations/us-central1/operations/operation-1721404004558-61d9b9a34e7cc-13878985-23559921 200
[debug] [2024-07-19T15:46:25.901Z] <<< [apiv2][body] GET https://cloudfunctions.googleapis.com/v2/projects/creator-platform---production/locations/us-central1/operations/operation-1721404004558-61d9b9a34e7cc-13878985-23559921 {"name":"projects/creator-platform---production/locations/us-central1/operations/operation-1721404004558-61d9b9a34e7cc-13878985-23559921","metadata":{"@type":"type.googleapis.com/google.cloud.functions.v2.OperationMetadata","createTime":"2024-07-19T15:46:45.535115072Z","target":"projects/creator-platform---production/locations/us-central1/functions/stripeEvent","verb":"update","cancelRequested":false,"apiVersion":"v2","requestResource":{"@type":"type.googleapis.com/google.cloud.functions.v2.Function","name":"projects/creator-platform---production/locations/us-central1/functions/stripeEvent","buildConfig":{"runtime":"nodejs18","entryPoint":"stripeEvent","source":{"storageSource":{"bucket":"gcf-v2-sources-507257761844-us-central1","object":"stripeEvent/function-source.zip","generation":"1721404005478722"}},"environmentVariables":{"GOOGLE_NODE_RUN_SCRIPTS":""},"dockerRepository":"projects/creator-platform---production/locations/us-central1/repositories/gcf-artifacts","sourceProvenance":{"resolvedStorageSource":{"bucket":"gcf-v2-sources-507257761844-us-central1","object":"stripeEvent/function-source.zip","generation":"1721403670680412"}},"dockerRegistry":"ARTIFACT_REGISTRY","automaticUpdatePolicy":{}},"serviceConfig":{"service":"projects/creator-platform---production/locations/us-central1/services/stripeevent","timeoutSeconds":60,"environmentVariables":{"STRIPE_WHSEC":"whsec_uqXEJcwq4vbejUD9zINJBPtUDZFZpGJW","FIREBASE_CONFIG":"{\"projectId\":\"creator-platform---production\",\"storageBucket\":\"creator-platform---production.appspot.com\",\"locationId\":\"us-central\"}","GCLOUD_PROJECT":"creator-platform---production","EVENTARC_CLOUD_EVENT_SOURCE":"projects/creator-platform---production/locations/us-central1/services/stripeEvent","FUNCTION_TARGET":"stripeEvent","LOG_EXECUTION_ID":"true"},"ingressSettings":"ALLOW_ALL","uri":"https://stripeevent-oa6q6zhkqa-uc.a.run.app","serviceAccountEmail":"507257761844-compute@developer.gserviceaccount.com","availableMemory":"256Mi","allTrafficOnLatestRevision":true,"revision":"stripeevent-00006-bil","maxInstanceRequestConcurrency":80,"availableCpu":"1"},"state":"ACTIVE","labels":{"deployment-tool":"cloudfunctions","firebase-functions-hash":"73700bf315d4b8d77d11a835e31954dd7e5fff28"},"environment":"GEN_2","url":"https://us-central1-creator-platform---production.cloudfunctions.net/stripeEvent"},"stages":[{"name":"BUILD","message":"Build in progress","state":"IN_PROGRESS","resource":"projects/507257761844/locations/us-central1/builds/37226db8-a729-445a-9509-dd744c31c3f7","resourceUri":"https://console.cloud.google.com/cloud-build/builds;region=us-central1/37226db8-a729-445a-9509-dd744c31c3f7?project=507257761844"},{"name":"SERVICE","state":"NOT_STARTED"}],"operationType":"UPDATE_FUNCTION"},"done":false}
[debug] [2024-07-19T15:46:35.924Z] [update-default-us-central1-stripeEvent] Retrying task index 0
[debug] [2024-07-19T15:46:35.924Z] >>> [apiv2][query] GET https://cloudfunctions.googleapis.com/v2/projects/creator-platform---production/locations/us-central1/operations/operation-1721404004558-61d9b9a34e7cc-13878985-23559921 [none]
[debug] [2024-07-19T15:46:36.781Z] <<< [apiv2][status] GET https://cloudfunctions.googleapis.com/v2/projects/creator-platform---production/locations/us-central1/operations/operation-1721404004558-61d9b9a34e7cc-13878985-23559921 200
[debug] [2024-07-19T15:46:36.781Z] <<< [apiv2][body] GET https://cloudfunctions.googleapis.com/v2/projects/creator-platform---production/locations/us-central1/operations/operation-1721404004558-61d9b9a34e7cc-13878985-23559921 {"name":"projects/creator-platform---production/locations/us-central1/operations/operation-1721404004558-61d9b9a34e7cc-13878985-23559921","metadata":{"@type":"type.googleapis.com/google.cloud.functions.v2.OperationMetadata","createTime":"2024-07-19T15:46:45.535115072Z","target":"projects/creator-platform---production/locations/us-central1/functions/stripeEvent","verb":"update","cancelRequested":false,"apiVersion":"v2","requestResource":{"@type":"type.googleapis.com/google.cloud.functions.v2.Function","name":"projects/creator-platform---production/locations/us-central1/functions/stripeEvent","buildConfig":{"runtime":"nodejs18","entryPoint":"stripeEvent","source":{"storageSource":{"bucket":"gcf-v2-sources-507257761844-us-central1","object":"stripeEvent/function-source.zip","generation":"1721404005478722"}},"environmentVariables":{"GOOGLE_NODE_RUN_SCRIPTS":""},"dockerRepository":"projects/creator-platform---production/locations/us-central1/repositories/gcf-artifacts","sourceProvenance":{"resolvedStorageSource":{"bucket":"gcf-v2-sources-507257761844-us-central1","object":"stripeEvent/function-source.zip","generation":"1721403670680412"}},"dockerRegistry":"ARTIFACT_REGISTRY","automaticUpdatePolicy":{}},"serviceConfig":{"service":"projects/creator-platform---production/locations/us-central1/services/stripeevent","timeoutSeconds":60,"environmentVariables":{"STRIPE_WHSEC":"whsec_uqXEJcwq4vbejUD9zINJBPtUDZFZpGJW","FIREBASE_CONFIG":"{\"projectId\":\"creator-platform---production\",\"storageBucket\":\"creator-platform---production.appspot.com\",\"locationId\":\"us-central\"}","GCLOUD_PROJECT":"creator-platform---production","EVENTARC_CLOUD_EVENT_SOURCE":"projects/creator-platform---production/locations/us-central1/services/stripeEvent","FUNCTION_TARGET":"stripeEvent","LOG_EXECUTION_ID":"true"},"ingressSettings":"ALLOW_ALL","uri":"https://stripeevent-oa6q6zhkqa-uc.a.run.app","serviceAccountEmail":"507257761844-compute@developer.gserviceaccount.com","availableMemory":"256Mi","allTrafficOnLatestRevision":true,"revision":"stripeevent-00006-bil","maxInstanceRequestConcurrency":80,"availableCpu":"1"},"state":"ACTIVE","labels":{"deployment-tool":"cloudfunctions","firebase-functions-hash":"73700bf315d4b8d77d11a835e31954dd7e5fff28"},"environment":"GEN_2","url":"https://us-central1-creator-platform---production.cloudfunctions.net/stripeEvent"},"stages":[{"name":"BUILD","message":"Build in progress","state":"IN_PROGRESS","resource":"projects/507257761844/locations/us-central1/builds/37226db8-a729-445a-9509-dd744c31c3f7","resourceUri":"https://console.cloud.google.com/cloud-build/builds;region=us-central1/37226db8-a729-445a-9509-dd744c31c3f7?project=507257761844"},{"name":"SERVICE","state":"NOT_STARTED"}],"operationType":"UPDATE_FUNCTION"},"done":false}
[debug] [2024-07-19T15:46:46.810Z] [update-default-us-central1-stripeEvent] Retrying task index 0
[debug] [2024-07-19T15:46:46.811Z] >>> [apiv2][query] GET https://cloudfunctions.googleapis.com/v2/projects/creator-platform---production/locations/us-central1/operations/operation-1721404004558-61d9b9a34e7cc-13878985-23559921 [none]
[debug] [2024-07-19T15:46:47.644Z] <<< [apiv2][status] GET https://cloudfunctions.googleapis.com/v2/projects/creator-platform---production/locations/us-central1/operations/operation-1721404004558-61d9b9a34e7cc-13878985-23559921 200
[debug] [2024-07-19T15:46:47.644Z] <<< [apiv2][body] GET https://cloudfunctions.googleapis.com/v2/projects/creator-platform---production/locations/us-central1/operations/operation-1721404004558-61d9b9a34e7cc-13878985-23559921 {"name":"projects/creator-platform---production/locations/us-central1/operations/operation-1721404004558-61d9b9a34e7cc-13878985-23559921","metadata":{"@type":"type.googleapis.com/google.cloud.functions.v2.OperationMetadata","createTime":"2024-07-19T15:46:45.535115072Z","target":"projects/creator-platform---production/locations/us-central1/functions/stripeEvent","verb":"update","cancelRequested":false,"apiVersion":"v2","requestResource":{"@type":"type.googleapis.com/google.cloud.functions.v2.Function","name":"projects/creator-platform---production/locations/us-central1/functions/stripeEvent","buildConfig":{"runtime":"nodejs18","entryPoint":"stripeEvent","source":{"storageSource":{"bucket":"gcf-v2-sources-507257761844-us-central1","object":"stripeEvent/function-source.zip","generation":"1721404005478722"}},"environmentVariables":{"GOOGLE_NODE_RUN_SCRIPTS":""},"dockerRepository":"projects/creator-platform---production/locations/us-central1/repositories/gcf-artifacts","sourceProvenance":{"resolvedStorageSource":{"bucket":"gcf-v2-sources-507257761844-us-central1","object":"stripeEvent/function-source.zip","generation":"1721403670680412"}},"dockerRegistry":"ARTIFACT_REGISTRY","automaticUpdatePolicy":{}},"serviceConfig":{"service":"projects/creator-platform---production/locations/us-central1/services/stripeevent","timeoutSeconds":60,"environmentVariables":{"STRIPE_WHSEC":"whsec_uqXEJcwq4vbejUD9zINJBPtUDZFZpGJW","FIREBASE_CONFIG":"{\"projectId\":\"creator-platform---production\",\"storageBucket\":\"creator-platform---production.appspot.com\",\"locationId\":\"us-central\"}","GCLOUD_PROJECT":"creator-platform---production","EVENTARC_CLOUD_EVENT_SOURCE":"projects/creator-platform---production/locations/us-central1/services/stripeEvent","FUNCTION_TARGET":"stripeEvent","LOG_EXECUTION_ID":"true"},"ingressSettings":"ALLOW_ALL","uri":"https://stripeevent-oa6q6zhkqa-uc.a.run.app","serviceAccountEmail":"507257761844-compute@developer.gserviceaccount.com","availableMemory":"256Mi","allTrafficOnLatestRevision":true,"revision":"stripeevent-00006-bil","maxInstanceRequestConcurrency":80,"availableCpu":"1"},"state":"ACTIVE","labels":{"deployment-tool":"cloudfunctions","firebase-functions-hash":"73700bf315d4b8d77d11a835e31954dd7e5fff28"},"environment":"GEN_2","url":"https://us-central1-creator-platform---production.cloudfunctions.net/stripeEvent"},"stages":[{"name":"BUILD","message":"Build finished","state":"COMPLETE","resource":"projects/507257761844/locations/us-central1/builds/37226db8-a729-445a-9509-dd744c31c3f7","resourceUri":"https://console.cloud.google.com/cloud-build/builds;region=us-central1/37226db8-a729-445a-9509-dd744c31c3f7?project=507257761844"},{"name":"SERVICE","message":"Updating Cloud Run service","state":"IN_PROGRESS","resource":"projects/creator-platform---production/locations/us-central1/services/stripeevent","resourceUri":"https://console.cloud.google.com/run/detail/us-central1/stripeevent?project=creator-platform---production","stateMessages":[{"severity":"INFO","type":"CloudRunServiceNewRevisionTrafficInfo","message":"A new revision will be deployed serving with 100% traffic."}]}],"sourceToken":"Cldwcm9qZWN0cy81MDcyNTc3NjE4NDQvbG9jYXRpb25zL3VzLWNlbnRyYWwxL2J1aWxkcy8zNzIyNmRiOC1hNzI5LTQ0NWEtOTUwOS1kZDc0NGMzMWMzZjcSXXVzLWNlbnRyYWwxLWRvY2tlci5wa2cuZGV2L2NyZWF0b3ItcGxhdGZvcm0tLS1wcm9kdWN0aW9uL2djZi1hcnRpZmFjdHMvc3RyaXBlX2V2ZW50OnZlcnNpb25fMRi04KzX4Q4iUnByb2plY3RzL2NyZWF0b3ItcGxhdGZvcm0tLS1wcm9kdWN0aW9uL2xvY2F0aW9ucy91cy1jZW50cmFsMS9mdW5jdGlvbnMvc3RyaXBlRXZlbnQqDAiZleq0BhCIuNORAzIIbm9kZWpzMTg6dgojZ2NyLmlvL2dhZS1ydW50aW1lcy9ub2RlanMxODpzdGFibGUST3VzLWNlbnRyYWwxLWRvY2tlci5wa2cuZGV2L3NlcnZlcmxlc3MtcnVudGltZXMvZ29vZ2xlLTIyLWZ1bGwvcnVudGltZXMvbm9kZWpzMThAAQ==","operationType":"UPDATE_FUNCTION"},"done":false}
[debug] [2024-07-19T15:46:47.645Z] Got source token Cldwcm9qZWN0cy81MDcyNTc3NjE4NDQvbG9jYXRpb25zL3VzLWNlbnRyYWwxL2J1aWxkcy8zNzIyNmRiOC1hNzI5LTQ0NWEtOTUwOS1kZDc0NGMzMWMzZjcSXXVzLWNlbnRyYWwxLWRvY2tlci5wa2cuZGV2L2NyZWF0b3ItcGxhdGZvcm0tLS1wcm9kdWN0aW9uL2djZi1hcnRpZmFjdHMvc3RyaXBlX2V2ZW50OnZlcnNpb25fMRi04KzX4Q4iUnByb2plY3RzL2NyZWF0b3ItcGxhdGZvcm0tLS1wcm9kdWN0aW9uL2xvY2F0aW9ucy91cy1jZW50cmFsMS9mdW5jdGlvbnMvc3RyaXBlRXZlbnQqDAiZleq0BhCIuNORAzIIbm9kZWpzMTg6dgojZ2NyLmlvL2dhZS1ydW50aW1lcy9ub2RlanMxODpzdGFibGUST3VzLWNlbnRyYWwxLWRvY2tlci5wa2cuZGV2L3NlcnZlcmxlc3MtcnVudGltZXMvZ29vZ2xlLTIyLWZ1bGwvcnVudGltZXMvbm9kZWpzMThAAQ== for region us-central1
[debug] [2024-07-19T15:46:57.660Z] [update-default-us-central1-stripeEvent] Retrying task index 0
[debug] [2024-07-19T15:46:57.662Z] >>> [apiv2][query] GET https://cloudfunctions.googleapis.com/v2/projects/creator-platform---production/locations/us-central1/operations/operation-1721404004558-61d9b9a34e7cc-13878985-23559921 [none]
[debug] [2024-07-19T15:46:58.576Z] <<< [apiv2][status] GET https://cloudfunctions.googleapis.com/v2/projects/creator-platform---production/locations/us-central1/operations/operation-1721404004558-61d9b9a34e7cc-13878985-23559921 200
[debug] [2024-07-19T15:46:58.577Z] <<< [apiv2][body] GET https://cloudfunctions.googleapis.com/v2/projects/creator-platform---production/locations/us-central1/operations/operation-1721404004558-61d9b9a34e7cc-13878985-23559921 {"name":"projects/creator-platform---production/locations/us-central1/operations/operation-1721404004558-61d9b9a34e7cc-13878985-23559921","metadata":{"@type":"type.googleapis.com/google.cloud.functions.v2.OperationMetadata","createTime":"2024-07-19T15:46:45.535115072Z","endTime":"2024-07-19T15:47:53.450426313Z","target":"projects/creator-platform---production/locations/us-central1/functions/stripeEvent","verb":"update","cancelRequested":false,"apiVersion":"v2","requestResource":{"@type":"type.googleapis.com/google.cloud.functions.v2.Function","name":"projects/creator-platform---production/locations/us-central1/functions/stripeEvent","buildConfig":{"runtime":"nodejs18","entryPoint":"stripeEvent","source":{"storageSource":{"bucket":"gcf-v2-sources-507257761844-us-central1","object":"stripeEvent/function-source.zip","generation":"1721404005478722"}},"environmentVariables":{"GOOGLE_NODE_RUN_SCRIPTS":""},"dockerRepository":"projects/creator-platform---production/locations/us-central1/repositories/gcf-artifacts","sourceProvenance":{"resolvedStorageSource":{"bucket":"gcf-v2-sources-507257761844-us-central1","object":"stripeEvent/function-source.zip","generation":"1721403670680412"}},"dockerRegistry":"ARTIFACT_REGISTRY","automaticUpdatePolicy":{}},"serviceConfig":{"service":"projects/creator-platform---production/locations/us-central1/services/stripeevent","timeoutSeconds":60,"environmentVariables":{"STRIPE_WHSEC":"whsec_uqXEJcwq4vbejUD9zINJBPtUDZFZpGJW","FIREBASE_CONFIG":"{\"projectId\":\"creator-platform---production\",\"storageBucket\":\"creator-platform---production.appspot.com\",\"locationId\":\"us-central\"}","GCLOUD_PROJECT":"creator-platform---production","EVENTARC_CLOUD_EVENT_SOURCE":"projects/creator-platform---production/locations/us-central1/services/stripeEvent","FUNCTION_TARGET":"stripeEvent","LOG_EXECUTION_ID":"true"},"ingressSettings":"ALLOW_ALL","uri":"https://stripeevent-oa6q6zhkqa-uc.a.run.app","serviceAccountEmail":"507257761844-compute@developer.gserviceaccount.com","availableMemory":"256Mi","allTrafficOnLatestRevision":true,"revision":"stripeevent-00006-bil","maxInstanceRequestConcurrency":80,"availableCpu":"1"},"state":"ACTIVE","labels":{"deployment-tool":"cloudfunctions","firebase-functions-hash":"73700bf315d4b8d77d11a835e31954dd7e5fff28"},"environment":"GEN_2","url":"https://us-central1-creator-platform---production.cloudfunctions.net/stripeEvent"},"stages":[{"name":"SERVICE","state":"NOT_STARTED"}],"operationType":"UPDATE_FUNCTION"},"done":true,"error":{"code":3,"message":"Could not create or update Cloud Run service stripeevent, Container Healthcheck failed. Revision 'stripeevent-00007-wif' is not ready and cannot serve traffic. The user-provided container failed to start and listen on the port defined provided by the PORT=8080 environment variable. Logs for this revision might contain more information.\n\nLogs URL: https://console.cloud.google.com/logs/viewer?project=creator-platform---production&resource=cloud_run_revision/service_name/stripeevent/revision_name/stripeevent-00007-wif&advancedFilter=resource.type%3D%22cloud_run_revision%22%0Aresource.labels.service_name%3D%22stripeevent%22%0Aresource.labels.revision_name%3D%22stripeevent-00007-wif%22 \nFor more troubleshooting guidance, see https://cloud.google.com/run/docs/troubleshooting#container-failed-to-start"}}
[debug] [2024-07-19T15:46:58.577Z] Got source token undefined for region us-central1
[error] Could not create or update Cloud Run service stripeevent, Container Healthcheck failed. Revision 'stripeevent-00007-wif' is not ready and cannot serve traffic. The user-provided container failed to start and listen on the port defined provided by the PORT=8080 environment variable. Logs for this revision might contain more information.

Logs URL: https://console.cloud.google.com/logs/viewer?project=creator-platform---production&resource=cloud_run_revision/service_name/stripeevent/revision_name/stripeevent-00007-wif&advancedFilter=resource.type%3D%22cloud_run_revision%22%0Aresource.labels.service_name%3D%22stripeevent%22%0Aresource.labels.revision_name%3D%22stripeevent-00007-wif%22 
For more troubleshooting guidance, see https://cloud.google.com/run/docs/troubleshooting#container-failed-to-start
[debug] [2024-07-19T15:46:58.582Z] Total Function Deployment time: 76603
[debug] [2024-07-19T15:46:58.583Z] 1 Functions Deployed
[debug] [2024-07-19T15:46:58.583Z] 1 Functions Errored
[debug] [2024-07-19T15:46:58.583Z] 0 Function Deployments Aborted
[debug] [2024-07-19T15:46:58.583Z] Average Function Deployment time: 76602
[info] 
[info] Functions deploy had errors with the following functions:
	stripeEvent(us-central1)
[debug] [2024-07-19T15:46:58.734Z] Not printing URL for HTTPS function. Typically this means it didn't match a filter or we failed deployment
[info] i  functions: cleaning up build files... 
[debug] [2024-07-19T15:46:58.737Z] >>> [apiv2][query] DELETE https://artifactregistry.googleapis.com/v1beta2/projects/creator-platform---production/locations/us-central1/repositories/gcf-artifacts/packages/stripe_event [none]
[debug] [2024-07-19T15:46:58.738Z] >>> [apiv2][query] GET https://us.gcr.io/v2/creator-platform---production/gcf/us-central1/tags/list [none]
[debug] [2024-07-19T15:46:59.155Z] <<< [apiv2][status] GET https://us.gcr.io/v2/creator-platform---production/gcf/us-central1/tags/list 200
[debug] [2024-07-19T15:46:59.155Z] <<< [apiv2][body] GET https://us.gcr.io/v2/creator-platform---production/gcf/us-central1/tags/list {"child":[],"manifest":{},"name":"creator-platform---production/gcf/us-central1","tags":[]}
[debug] [2024-07-19T15:46:59.155Z] Could not find image for function projects/creator-platform---production/locations/us-central1/functions/stripeEvent
[debug] [2024-07-19T15:46:59.614Z] <<< [apiv2][status] DELETE https://artifactregistry.googleapis.com/v1beta2/projects/creator-platform---production/locations/us-central1/repositories/gcf-artifacts/packages/stripe_event 200
[debug] [2024-07-19T15:46:59.614Z] <<< [apiv2][body] DELETE https://artifactregistry.googleapis.com/v1beta2/projects/creator-platform---production/locations/us-central1/repositories/gcf-artifacts/packages/stripe_event {"name":"projects/creator-platform---production/locations/us-central1/operations/c4003aee-17e5-44e2-af35-4ef880b7d247","metadata":{"@type":"type.googleapis.com/google.devtools.artifactregistry.v1beta2.OperationMetadata"}}
[debug] [2024-07-19T15:46:59.614Z] >>> [apiv2][query] GET https://artifactregistry.googleapis.com/v1beta2/projects/creator-platform---production/locations/us-central1/operations/c4003aee-17e5-44e2-af35-4ef880b7d247 [none]
[debug] [2024-07-19T15:47:00.437Z] <<< [apiv2][status] GET https://artifactregistry.googleapis.com/v1beta2/projects/creator-platform---production/locations/us-central1/operations/c4003aee-17e5-44e2-af35-4ef880b7d247 200
[debug] [2024-07-19T15:47:00.437Z] <<< [apiv2][body] GET https://artifactregistry.googleapis.com/v1beta2/projects/creator-platform---production/locations/us-central1/operations/c4003aee-17e5-44e2-af35-4ef880b7d247 {"name":"projects/creator-platform---production/locations/us-central1/operations/c4003aee-17e5-44e2-af35-4ef880b7d247","metadata":{"@type":"type.googleapis.com/google.devtools.artifactregistry.v1beta2.OperationMetadata"},"done":true,"response":{"@type":"type.googleapis.com/google.protobuf.Empty"}}
[debug] [2024-07-19T15:47:00.437Z] Functions deploy failed.
[debug] [2024-07-19T15:47:00.438Z] {
  "endpoint": {
    "id": "stripeEvent",
    "project": "creator-platform---production",
    "region": "us-central1",
    "entryPoint": "stripeEvent",
    "platform": "gcfv2",
    "runtime": "nodejs18",
    "httpsTrigger": {},
    "labels": {
      "deployment-tool": "cli-firebase"
    },
    "ingressSettings": null,
    "availableMemoryMb": null,
    "serviceAccount": null,
    "timeoutSeconds": null,
    "maxInstances": null,
    "minInstances": null,
    "concurrency": 80,
    "vpc": null,
    "environmentVariables": {
      "STRIPE_WHSEC": "whsec_uqXEJcwq4vbejUD9zINJBPtUDZFZpGJW",
      "FIREBASE_CONFIG": "{\"projectId\":\"creator-platform---production\",\"storageBucket\":\"creator-platform---production.appspot.com\",\"locationId\":\"us-central\"}",
      "GCLOUD_PROJECT": "creator-platform---production",
      "EVENTARC_CLOUD_EVENT_SOURCE": "projects/creator-platform---production/locations/us-central1/services/stripeEvent"
    },
    "codebase": "default",
    "runServiceId": "stripeevent",
    "cpu": 1,
    "securityLevel": "SECURE_ALWAYS",
    "targetedByOnly": false,
    "hash": "73700bf315d4b8d77d11a835e31954dd7e5fff28"
  },
  "op": "update",
  "original": {
    "name": "FirebaseError",
    "children": [],
    "exit": 1,
    "message": "Could not create or update Cloud Run service stripeevent, Container Healthcheck failed. Revision 'stripeevent-00007-wif' is not ready and cannot serve traffic. The user-provided container failed to start and listen on the port defined provided by the PORT=8080 environment variable. Logs for this revision might contain more information.\n\nLogs URL: https://console.cloud.google.com/logs/viewer?project=creator-platform---production&resource=cloud_run_revision/service_name/stripeevent/revision_name/stripeevent-00007-wif&advancedFilter=resource.type%3D%22cloud_run_revision%22%0Aresource.labels.service_name%3D%22stripeevent%22%0Aresource.labels.revision_name%3D%22stripeevent-00007-wif%22 \nFor more troubleshooting guidance, see https://cloud.google.com/run/docs/troubleshooting#container-failed-to-start",
    "original": {
      "code": 3,
      "message": "Could not create or update Cloud Run service stripeevent, Container Healthcheck failed. Revision 'stripeevent-00007-wif' is not ready and cannot serve traffic. The user-provided container failed to start and listen on the port defined provided by the PORT=8080 environment variable. Logs for this revision might contain more information.\n\nLogs URL: https://console.cloud.google.com/logs/viewer?project=creator-platform---production&resource=cloud_run_revision/service_name/stripeevent/revision_name/stripeevent-00007-wif&advancedFilter=resource.type%3D%22cloud_run_revision%22%0Aresource.labels.service_name%3D%22stripeevent%22%0Aresource.labels.revision_name%3D%22stripeevent-00007-wif%22 \nFor more troubleshooting guidance, see https://cloud.google.com/run/docs/troubleshooting#container-failed-to-start"
    },
    "status": 3,
    "code": 3
  }
}
[debug] [2024-07-19T15:47:00.469Z] Error: Failed to update function stripeEvent in region us-central1
    at /home/kaleshe/.asdf/installs/nodejs/20.11.0/lib/node_modules/firebase-tools/lib/deploy/functions/release/fabricator.js:399:19
    at process.processTicksAndRejections (node:internal/process/task_queues:95:5)
    at async Fabricator.updateV2Function (/home/kaleshe/.asdf/installs/nodejs/20.11.0/lib/node_modules/firebase-tools/lib/deploy/functions/release/fabricator.js:388:32)
    at async Fabricator.updateEndpoint (/home/kaleshe/.asdf/installs/nodejs/20.11.0/lib/node_modules/firebase-tools/lib/deploy/functions/release/fabricator.js:155:13)
    at async handle (/home/kaleshe/.asdf/installs/nodejs/20.11.0/lib/node_modules/firebase-tools/lib/deploy/functions/release/fabricator.js:89:17)
[error] 
[error] Error: There was an error deploying functions
